

Started GET "/" for ::1 at 2015-09-28 14:12:22 +0530

ActiveRecord::PendingMigrationError (

Migrations are pending. To resolve this issue, run:

	bin/rake db:migrate RAILS_ENV=development

):
  activerecord (4.2.0) lib/active_record/migration.rb:393:in `check_pending!'
  activerecord (4.2.0) lib/active_record/migration.rb:374:in `call'
  actionpack (4.2.0) lib/action_dispatch/middleware/callbacks.rb:29:in `block in call'
  activesupport (4.2.0) lib/active_support/callbacks.rb:88:in `call'
  activesupport (4.2.0) lib/active_support/callbacks.rb:88:in `_run_callbacks'
  activesupport (4.2.0) lib/active_support/callbacks.rb:734:in `_run_call_callbacks'
  activesupport (4.2.0) lib/active_support/callbacks.rb:81:in `run_callbacks'
  actionpack (4.2.0) lib/action_dispatch/middleware/callbacks.rb:27:in `call'
  actionpack (4.2.0) lib/action_dispatch/middleware/reloader.rb:73:in `call'
  actionpack (4.2.0) lib/action_dispatch/middleware/remote_ip.rb:78:in `call'
  actionpack (4.2.0) lib/action_dispatch/middleware/debug_exceptions.rb:17:in `call'
  web-console (2.1.2) lib/web_console/middleware.rb:37:in `call'
  actionpack (4.2.0) lib/action_dispatch/middleware/show_exceptions.rb:30:in `call'
  railties (4.2.0) lib/rails/rack/logger.rb:38:in `call_app'
  railties (4.2.0) lib/rails/rack/logger.rb:20:in `block in call'
  activesupport (4.2.0) lib/active_support/tagged_logging.rb:68:in `block in tagged'
  activesupport (4.2.0) lib/active_support/tagged_logging.rb:26:in `tagged'
  activesupport (4.2.0) lib/active_support/tagged_logging.rb:68:in `tagged'
  railties (4.2.0) lib/rails/rack/logger.rb:20:in `call'
  actionpack (4.2.0) lib/action_dispatch/middleware/request_id.rb:21:in `call'
  rack (1.6.0) lib/rack/methodoverride.rb:22:in `call'
  rack (1.6.0) lib/rack/runtime.rb:18:in `call'
  activesupport (4.2.0) lib/active_support/cache/strategy/local_cache_middleware.rb:28:in `call'
  rack (1.6.0) lib/rack/lock.rb:17:in `call'
  actionpack (4.2.0) lib/action_dispatch/middleware/static.rb:113:in `call'
  rack (1.6.0) lib/rack/sendfile.rb:113:in `call'
  railties (4.2.0) lib/rails/engine.rb:518:in `call'
  railties (4.2.0) lib/rails/application.rb:164:in `call'
  rack (1.6.0) lib/rack/lock.rb:17:in `call'
  rack (1.6.0) lib/rack/content_length.rb:15:in `call'
  rack (1.6.0) lib/rack/handler/webrick.rb:89:in `service'
  c:/RailsInstaller/Ruby2.1.0/lib/ruby/2.1.0/webrick/httpserver.rb:138:in `service'
  c:/RailsInstaller/Ruby2.1.0/lib/ruby/2.1.0/webrick/httpserver.rb:94:in `run'
  c:/RailsInstaller/Ruby2.1.0/lib/ruby/2.1.0/webrick/server.rb:295:in `block in start_thread'


  Rendered c:/RailsInstaller/Ruby2.1.0/lib/ruby/gems/2.1.0/gems/actionpack-4.2.0/lib/action_dispatch/middleware/templates/rescues/_source.erb (1.0ms)
  Rendered c:/RailsInstaller/Ruby2.1.0/lib/ruby/gems/2.1.0/gems/actionpack-4.2.0/lib/action_dispatch/middleware/templates/rescues/_trace.html.erb (3.0ms)
  Rendered c:/RailsInstaller/Ruby2.1.0/lib/ruby/gems/2.1.0/gems/actionpack-4.2.0/lib/action_dispatch/middleware/templates/rescues/_request_and_response.html.erb (1.0ms)
  Rendered c:/RailsInstaller/Ruby2.1.0/lib/ruby/gems/2.1.0/gems/actionpack-4.2.0/lib/action_dispatch/middleware/templates/rescues/diagnostics.html.erb within rescues/layout (128.4ms)
  Rendered c:/RailsInstaller/Ruby2.1.0/lib/ruby/gems/2.1.0/gems/web-console-2.1.2/lib/web_console/templates/_markup.html.erb (1.0ms)
  Rendered c:/RailsInstaller/Ruby2.1.0/lib/ruby/gems/2.1.0/gems/web-console-2.1.2/lib/web_console/templates/style.css.erb within layouts/inlined_string (1.0ms)
  Rendered c:/RailsInstaller/Ruby2.1.0/lib/ruby/gems/2.1.0/gems/web-console-2.1.2/lib/web_console/templates/_inner_console_markup.html.erb within layouts/inlined_string (1.0ms)
  Rendered c:/RailsInstaller/Ruby2.1.0/lib/ruby/gems/2.1.0/gems/web-console-2.1.2/lib/web_console/templates/_prompt_box_markup.html.erb within layouts/inlined_string (1.0ms)
  Rendered c:/RailsInstaller/Ruby2.1.0/lib/ruby/gems/2.1.0/gems/web-console-2.1.2/lib/web_console/templates/console.js.erb within layouts/javascript (122.7ms)
  Rendered c:/RailsInstaller/Ruby2.1.0/lib/ruby/gems/2.1.0/gems/web-console-2.1.2/lib/web_console/templates/main.js.erb within layouts/javascript (1.0ms)
  Rendered c:/RailsInstaller/Ruby2.1.0/lib/ruby/gems/2.1.0/gems/web-console-2.1.2/lib/web_console/templates/error_page.js.erb within layouts/javascript (1.0ms)
  Rendered c:/RailsInstaller/Ruby2.1.0/lib/ruby/gems/2.1.0/gems/web-console-2.1.2/lib/web_console/templates/index.html.erb (265.6ms)
  [1m[36m (407.0ms)[0m  [1mCREATE TABLE "schema_migrations" ("version" character varying NOT NULL) [0m
  [1m[35m (156.3ms)[0m  CREATE UNIQUE INDEX  "unique_schema_migrations" ON "schema_migrations"  ("version")
  [1m[36mActiveRecord::SchemaMigration Load (0.0ms)[0m  [1mSELECT "schema_migrations".* FROM "schema_migrations"[0m
Migrating to CreatePins (20150318194553)
  [1m[35m (0.0ms)[0m  BEGIN
  [1m[36m (228.4ms)[0m  [1mCREATE TABLE "pins" ("id" serial primary key, "title" character varying, "url" character varying, "text" text, "slug" character varying) [0m
  [1m[35mSQL (0.0ms)[0m  INSERT INTO "schema_migrations" ("version") VALUES ($1)  [["version", "20150318194553"]]
  [1m[36m (0.0ms)[0m  [1mCOMMIT[0m
Migrating to AddResourceTypeToPins (20150320022457)
  [1m[35m (0.0ms)[0m  BEGIN
  [1m[36m (0.0ms)[0m  [1mALTER TABLE "pins" ADD "resource_type" character varying[0m
  [1m[35mSQL (0.0ms)[0m  INSERT INTO "schema_migrations" ("version") VALUES ($1)  [["version", "20150320022457"]]
  [1m[36m (15.6ms)[0m  [1mCOMMIT[0m
  [1m[35mActiveRecord::SchemaMigration Load (0.0ms)[0m  SELECT "schema_migrations".* FROM "schema_migrations"
  [1m[36m (15.6ms)[0m  [1mSELECT t2.oid::regclass::text AS to_table, a1.attname AS column, a2.attname AS primary_key, c.conname AS name, c.confupdtype AS on_update, c.confdeltype AS on_delete
FROM pg_constraint c
JOIN pg_class t1 ON c.conrelid = t1.oid
JOIN pg_class t2 ON c.confrelid = t2.oid
JOIN pg_attribute a1 ON a1.attnum = c.conkey[1] AND a1.attrelid = t1.oid
JOIN pg_attribute a2 ON a2.attnum = c.confkey[1] AND a2.attrelid = t2.oid
JOIN pg_namespace t3 ON c.connamespace = t3.oid
WHERE c.contype = 'f'
  AND t1.relname = 'pins'
  AND t3.nspname = ANY (current_schemas(false))
ORDER BY c.conname
[0m


Started GET "/" for ::1 at 2015-09-28 14:14:55 +0530
  [1m[36mActiveRecord::SchemaMigration Load (1.0ms)[0m  [1mSELECT "schema_migrations".* FROM "schema_migrations"[0m
Processing by PinsController#index as HTML
  [1m[35mPin Load (1.0ms)[0m  SELECT "pins".* FROM "pins"
  Rendered pins/index.erb within layouts/application (9.2ms)
Completed 200 OK in 2717ms (Views: 2639.3ms | ActiveRecord: 2.0ms)


Started GET "/assets/cosmo-bootswatch-theme-450effffe2a267bc84c90be0448c1ea9.css?body=1" for ::1 at 2015-09-28 14:14:59 +0530


Started GET "/assets/pins-3ed9fb4b5d67ec144992292d4e138b9d.css?body=1" for ::1 at 2015-09-28 14:14:59 +0530


Started GET "/assets/application-385e82184e60a44b8058679074ea6fc9.css?body=1" for ::1 at 2015-09-28 14:14:59 +0530


Started GET "/assets/jquery-87424c3c19e96d4fb033c10ebe21ec40.js?body=1" for ::1 at 2015-09-28 14:14:59 +0530


Started GET "/assets/application-bc105cf26f847567b5eae624a793b626.js?body=1" for ::1 at 2015-09-28 14:14:59 +0530


Started GET "/assets/jquery_ujs-e27bd20a10d28155845a22d71ef94f2f.js?body=1" for ::1 at 2015-09-28 14:14:59 +0530


Started GET "/assets/turbolinks-f87b3583ca50adb0488b031297f5580d.js?body=1" for ::1 at 2015-09-28 14:14:59 +0530


Started GET "/show" for ::1 at 2015-09-28 14:16:13 +0530

ActionController::RoutingError (No route matches [GET] "/show"):
  actionpack (4.2.0) lib/action_dispatch/middleware/debug_exceptions.rb:21:in `call'
  web-console (2.1.2) lib/web_console/middleware.rb:37:in `call'
  actionpack (4.2.0) lib/action_dispatch/middleware/show_exceptions.rb:30:in `call'
  railties (4.2.0) lib/rails/rack/logger.rb:38:in `call_app'
  railties (4.2.0) lib/rails/rack/logger.rb:20:in `block in call'
  activesupport (4.2.0) lib/active_support/tagged_logging.rb:68:in `block in tagged'
  activesupport (4.2.0) lib/active_support/tagged_logging.rb:26:in `tagged'
  activesupport (4.2.0) lib/active_support/tagged_logging.rb:68:in `tagged'
  railties (4.2.0) lib/rails/rack/logger.rb:20:in `call'
  actionpack (4.2.0) lib/action_dispatch/middleware/request_id.rb:21:in `call'
  rack (1.6.0) lib/rack/methodoverride.rb:22:in `call'
  rack (1.6.0) lib/rack/runtime.rb:18:in `call'
  activesupport (4.2.0) lib/active_support/cache/strategy/local_cache_middleware.rb:28:in `call'
  rack (1.6.0) lib/rack/lock.rb:17:in `call'
  actionpack (4.2.0) lib/action_dispatch/middleware/static.rb:113:in `call'
  rack (1.6.0) lib/rack/sendfile.rb:113:in `call'
  railties (4.2.0) lib/rails/engine.rb:518:in `call'
  railties (4.2.0) lib/rails/application.rb:164:in `call'
  rack (1.6.0) lib/rack/lock.rb:17:in `call'
  rack (1.6.0) lib/rack/content_length.rb:15:in `call'
  rack (1.6.0) lib/rack/handler/webrick.rb:89:in `service'
  c:/RailsInstaller/Ruby2.1.0/lib/ruby/2.1.0/webrick/httpserver.rb:138:in `service'
  c:/RailsInstaller/Ruby2.1.0/lib/ruby/2.1.0/webrick/httpserver.rb:94:in `run'
  c:/RailsInstaller/Ruby2.1.0/lib/ruby/2.1.0/webrick/server.rb:295:in `block in start_thread'


  Rendered c:/RailsInstaller/Ruby2.1.0/lib/ruby/gems/2.1.0/gems/actionpack-4.2.0/lib/action_dispatch/middleware/templates/rescues/_trace.html.erb (3.0ms)
  Rendered c:/RailsInstaller/Ruby2.1.0/lib/ruby/gems/2.1.0/gems/actionpack-4.2.0/lib/action_dispatch/middleware/templates/routes/_route.html.erb (2.0ms)
  Rendered c:/RailsInstaller/Ruby2.1.0/lib/ruby/gems/2.1.0/gems/actionpack-4.2.0/lib/action_dispatch/middleware/templates/routes/_table.html.erb (96.9ms)
  Rendered c:/RailsInstaller/Ruby2.1.0/lib/ruby/gems/2.1.0/gems/actionpack-4.2.0/lib/action_dispatch/middleware/templates/rescues/_request_and_response.html.erb (2.0ms)
  Rendered c:/RailsInstaller/Ruby2.1.0/lib/ruby/gems/2.1.0/gems/actionpack-4.2.0/lib/action_dispatch/middleware/templates/rescues/routing_error.html.erb within rescues/layout (213.8ms)
  Rendered c:/RailsInstaller/Ruby2.1.0/lib/ruby/gems/2.1.0/gems/web-console-2.1.2/lib/web_console/templates/_markup.html.erb (1.0ms)
  Rendered c:/RailsInstaller/Ruby2.1.0/lib/ruby/gems/2.1.0/gems/web-console-2.1.2/lib/web_console/templates/style.css.erb within layouts/inlined_string (1.0ms)
  Rendered c:/RailsInstaller/Ruby2.1.0/lib/ruby/gems/2.1.0/gems/web-console-2.1.2/lib/web_console/templates/_inner_console_markup.html.erb within layouts/inlined_string (1.0ms)
  Rendered c:/RailsInstaller/Ruby2.1.0/lib/ruby/gems/2.1.0/gems/web-console-2.1.2/lib/web_console/templates/_prompt_box_markup.html.erb within layouts/inlined_string (1.0ms)
  Rendered c:/RailsInstaller/Ruby2.1.0/lib/ruby/gems/2.1.0/gems/web-console-2.1.2/lib/web_console/templates/console.js.erb within layouts/javascript (66.8ms)
  Rendered c:/RailsInstaller/Ruby2.1.0/lib/ruby/gems/2.1.0/gems/web-console-2.1.2/lib/web_console/templates/main.js.erb within layouts/javascript (1.0ms)
  Rendered c:/RailsInstaller/Ruby2.1.0/lib/ruby/gems/2.1.0/gems/web-console-2.1.2/lib/web_console/templates/error_page.js.erb within layouts/javascript (1.0ms)
  Rendered c:/RailsInstaller/Ruby2.1.0/lib/ruby/gems/2.1.0/gems/web-console-2.1.2/lib/web_console/templates/index.html.erb (145.1ms)


Started GET "/pins/show" for ::1 at 2015-09-28 14:17:11 +0530
Processing by PinsController#show as HTML
  Parameters: {"id"=>"show"}
  [1m[36mPin Load (0.0ms)[0m  [1mSELECT  "pins".* FROM "pins" WHERE "pins"."id" = $1 LIMIT 1[0m  [["id", 0]]
Completed 404 Not Found in 159ms

ActiveRecord::RecordNotFound (Couldn't find Pin with 'id'=show):
  app/controllers/pins_controller.rb:8:in `show'


  Rendered c:/RailsInstaller/Ruby2.1.0/lib/ruby/gems/2.1.0/gems/actionpack-4.2.0/lib/action_dispatch/middleware/templates/rescues/_source.erb (1.0ms)
  Rendered c:/RailsInstaller/Ruby2.1.0/lib/ruby/gems/2.1.0/gems/actionpack-4.2.0/lib/action_dispatch/middleware/templates/rescues/_trace.html.erb (4.0ms)
  Rendered c:/RailsInstaller/Ruby2.1.0/lib/ruby/gems/2.1.0/gems/actionpack-4.2.0/lib/action_dispatch/middleware/templates/rescues/_request_and_response.html.erb (2.0ms)
  Rendered c:/RailsInstaller/Ruby2.1.0/lib/ruby/gems/2.1.0/gems/actionpack-4.2.0/lib/action_dispatch/middleware/templates/rescues/diagnostics.html.erb within rescues/layout (66.7ms)
  Rendered c:/RailsInstaller/Ruby2.1.0/lib/ruby/gems/2.1.0/gems/web-console-2.1.2/lib/web_console/templates/_markup.html.erb (1.0ms)
  Rendered c:/RailsInstaller/Ruby2.1.0/lib/ruby/gems/2.1.0/gems/web-console-2.1.2/lib/web_console/templates/style.css.erb within layouts/inlined_string (1.0ms)
  Rendered c:/RailsInstaller/Ruby2.1.0/lib/ruby/gems/2.1.0/gems/web-console-2.1.2/lib/web_console/templates/_inner_console_markup.html.erb within layouts/inlined_string (0.0ms)
  Rendered c:/RailsInstaller/Ruby2.1.0/lib/ruby/gems/2.1.0/gems/web-console-2.1.2/lib/web_console/templates/_prompt_box_markup.html.erb within layouts/inlined_string (0.0ms)
  Rendered c:/RailsInstaller/Ruby2.1.0/lib/ruby/gems/2.1.0/gems/web-console-2.1.2/lib/web_console/templates/console.js.erb within layouts/javascript (67.2ms)
  Rendered c:/RailsInstaller/Ruby2.1.0/lib/ruby/gems/2.1.0/gems/web-console-2.1.2/lib/web_console/templates/main.js.erb within layouts/javascript (1.0ms)
  Rendered c:/RailsInstaller/Ruby2.1.0/lib/ruby/gems/2.1.0/gems/web-console-2.1.2/lib/web_console/templates/error_page.js.erb within layouts/javascript (8.1ms)
  Rendered c:/RailsInstaller/Ruby2.1.0/lib/ruby/gems/2.1.0/gems/web-console-2.1.2/lib/web_console/templates/index.html.erb (153.2ms)


Started GET "/" for ::1 at 2015-09-28 14:17:33 +0530
Processing by PinsController#index as HTML
  [1m[35mPin Load (1.0ms)[0m  SELECT "pins".* FROM "pins"
  Rendered pins/index.erb within layouts/application (4.0ms)
Completed 200 OK in 79ms (Views: 77.1ms | ActiveRecord: 1.0ms)


Started GET "/" for 127.0.0.1 at 2015-09-28 16:03:50 +0530
  [1m[36mActiveRecord::SchemaMigration Load (2.0ms)[0m  [1mSELECT "schema_migrations".* FROM "schema_migrations"[0m
Processing by PinsController#index as HTML
  [1m[35mPin Load (1.0ms)[0m  SELECT "pins".* FROM "pins"
  Rendered pins/index.erb within layouts/application (11.0ms)
Completed 200 OK in 222ms (Views: 190.3ms | ActiveRecord: 2.0ms)


Started GET "/assets/pins-3ed9fb4b5d67ec144992292d4e138b9d.css?body=1" for 127.0.0.1 at 2015-09-28 16:03:51 +0530


Started GET "/assets/cosmo-bootswatch-theme-450effffe2a267bc84c90be0448c1ea9.css?body=1" for 127.0.0.1 at 2015-09-28 16:03:51 +0530


Started GET "/assets/application-385e82184e60a44b8058679074ea6fc9.css?body=1" for 127.0.0.1 at 2015-09-28 16:03:51 +0530


Started GET "/assets/jquery-87424c3c19e96d4fb033c10ebe21ec40.js?body=1" for 127.0.0.1 at 2015-09-28 16:03:51 +0530


Started GET "/assets/jquery_ujs-e27bd20a10d28155845a22d71ef94f2f.js?body=1" for 127.0.0.1 at 2015-09-28 16:03:51 +0530


Started GET "/assets/turbolinks-f87b3583ca50adb0488b031297f5580d.js?body=1" for 127.0.0.1 at 2015-09-28 16:03:51 +0530


Started GET "/assets/application-bc105cf26f847567b5eae624a793b626.js?body=1" for 127.0.0.1 at 2015-09-28 16:03:51 +0530


Started GET "/" for ::1 at 2015-09-28 16:15:20 +0530
  [1m[36mActiveRecord::SchemaMigration Load (1.0ms)[0m  [1mSELECT "schema_migrations".* FROM "schema_migrations"[0m
Processing by PinsController#index as HTML
  [1m[35mPin Load (1.0ms)[0m  SELECT "pins".* FROM "pins"
  Rendered pins/index.erb within layouts/application (12.0ms)
Completed 200 OK in 217ms (Views: 185.1ms | ActiveRecord: 2.0ms)


Started GET "/pins/show" for ::1 at 2015-09-28 16:15:27 +0530
Processing by PinsController#show as HTML
  [1m[36mPin Load (0.0ms)[0m  [1mSELECT  "pins".* FROM "pins" WHERE "pins"."id" = $1 LIMIT 1[0m  [["id", nil]]
Completed 404 Not Found in 39ms

ActiveRecord::RecordNotFound (Couldn't find Pin with 'id'=):
  app/controllers/pins_controller.rb:8:in `show'


  Rendered c:/RailsInstaller/Ruby2.1.0/lib/ruby/gems/2.1.0/gems/actionpack-4.2.0/lib/action_dispatch/middleware/templates/rescues/_source.erb (1.0ms)
  Rendered c:/RailsInstaller/Ruby2.1.0/lib/ruby/gems/2.1.0/gems/actionpack-4.2.0/lib/action_dispatch/middleware/templates/rescues/_trace.html.erb (4.0ms)
  Rendered c:/RailsInstaller/Ruby2.1.0/lib/ruby/gems/2.1.0/gems/actionpack-4.2.0/lib/action_dispatch/middleware/templates/rescues/_request_and_response.html.erb (1.0ms)
  Rendered c:/RailsInstaller/Ruby2.1.0/lib/ruby/gems/2.1.0/gems/actionpack-4.2.0/lib/action_dispatch/middleware/templates/rescues/diagnostics.html.erb within rescues/layout (63.0ms)
  Rendered c:/RailsInstaller/Ruby2.1.0/lib/ruby/gems/2.1.0/gems/web-console-2.1.2/lib/web_console/templates/_markup.html.erb (1.0ms)
  Rendered c:/RailsInstaller/Ruby2.1.0/lib/ruby/gems/2.1.0/gems/web-console-2.1.2/lib/web_console/templates/style.css.erb within layouts/inlined_string (0.0ms)
  Rendered c:/RailsInstaller/Ruby2.1.0/lib/ruby/gems/2.1.0/gems/web-console-2.1.2/lib/web_console/templates/_inner_console_markup.html.erb within layouts/inlined_string (0.0ms)
  Rendered c:/RailsInstaller/Ruby2.1.0/lib/ruby/gems/2.1.0/gems/web-console-2.1.2/lib/web_console/templates/_prompt_box_markup.html.erb within layouts/inlined_string (1.0ms)
  Rendered c:/RailsInstaller/Ruby2.1.0/lib/ruby/gems/2.1.0/gems/web-console-2.1.2/lib/web_console/templates/console.js.erb within layouts/javascript (83.1ms)
  Rendered c:/RailsInstaller/Ruby2.1.0/lib/ruby/gems/2.1.0/gems/web-console-2.1.2/lib/web_console/templates/main.js.erb within layouts/javascript (1.0ms)
  Rendered c:/RailsInstaller/Ruby2.1.0/lib/ruby/gems/2.1.0/gems/web-console-2.1.2/lib/web_console/templates/error_page.js.erb within layouts/javascript (0.0ms)
  Rendered c:/RailsInstaller/Ruby2.1.0/lib/ruby/gems/2.1.0/gems/web-console-2.1.2/lib/web_console/templates/index.html.erb (190.1ms)


Started GET "/pins/show/1" for ::1 at 2015-09-28 16:15:36 +0530

ActionController::RoutingError (No route matches [GET] "/pins/show/1"):
  actionpack (4.2.0) lib/action_dispatch/middleware/debug_exceptions.rb:21:in `call'
  web-console (2.1.2) lib/web_console/middleware.rb:37:in `call'
  actionpack (4.2.0) lib/action_dispatch/middleware/show_exceptions.rb:30:in `call'
  railties (4.2.0) lib/rails/rack/logger.rb:38:in `call_app'
  railties (4.2.0) lib/rails/rack/logger.rb:20:in `block in call'
  activesupport (4.2.0) lib/active_support/tagged_logging.rb:68:in `block in tagged'
  activesupport (4.2.0) lib/active_support/tagged_logging.rb:26:in `tagged'
  activesupport (4.2.0) lib/active_support/tagged_logging.rb:68:in `tagged'
  railties (4.2.0) lib/rails/rack/logger.rb:20:in `call'
  actionpack (4.2.0) lib/action_dispatch/middleware/request_id.rb:21:in `call'
  rack (1.6.0) lib/rack/methodoverride.rb:22:in `call'
  rack (1.6.0) lib/rack/runtime.rb:18:in `call'
  activesupport (4.2.0) lib/active_support/cache/strategy/local_cache_middleware.rb:28:in `call'
  rack (1.6.0) lib/rack/lock.rb:17:in `call'
  actionpack (4.2.0) lib/action_dispatch/middleware/static.rb:113:in `call'
  rack (1.6.0) lib/rack/sendfile.rb:113:in `call'
  railties (4.2.0) lib/rails/engine.rb:518:in `call'
  railties (4.2.0) lib/rails/application.rb:164:in `call'
  rack (1.6.0) lib/rack/content_length.rb:15:in `call'
  puma (2.14.0) lib/puma/server.rb:541:in `handle_request'
  puma (2.14.0) lib/puma/server.rb:388:in `process_client'
  puma (2.14.0) lib/puma/server.rb:270:in `block in run'
  puma (2.14.0) lib/puma/thread_pool.rb:106:in `call'
  puma (2.14.0) lib/puma/thread_pool.rb:106:in `block in spawn_thread'


  Rendered c:/RailsInstaller/Ruby2.1.0/lib/ruby/gems/2.1.0/gems/actionpack-4.2.0/lib/action_dispatch/middleware/templates/rescues/_trace.html.erb (2.0ms)
  Rendered c:/RailsInstaller/Ruby2.1.0/lib/ruby/gems/2.1.0/gems/actionpack-4.2.0/lib/action_dispatch/middleware/templates/routes/_route.html.erb (2.0ms)
  Rendered c:/RailsInstaller/Ruby2.1.0/lib/ruby/gems/2.1.0/gems/actionpack-4.2.0/lib/action_dispatch/middleware/templates/routes/_table.html.erb (41.7ms)
  Rendered c:/RailsInstaller/Ruby2.1.0/lib/ruby/gems/2.1.0/gems/actionpack-4.2.0/lib/action_dispatch/middleware/templates/rescues/_request_and_response.html.erb (2.0ms)
  Rendered c:/RailsInstaller/Ruby2.1.0/lib/ruby/gems/2.1.0/gems/actionpack-4.2.0/lib/action_dispatch/middleware/templates/rescues/routing_error.html.erb within rescues/layout (130.2ms)
  Rendered c:/RailsInstaller/Ruby2.1.0/lib/ruby/gems/2.1.0/gems/web-console-2.1.2/lib/web_console/templates/_markup.html.erb (1.0ms)
  Rendered c:/RailsInstaller/Ruby2.1.0/lib/ruby/gems/2.1.0/gems/web-console-2.1.2/lib/web_console/templates/style.css.erb within layouts/inlined_string (0.0ms)
  Rendered c:/RailsInstaller/Ruby2.1.0/lib/ruby/gems/2.1.0/gems/web-console-2.1.2/lib/web_console/templates/_inner_console_markup.html.erb within layouts/inlined_string (0.0ms)
  Rendered c:/RailsInstaller/Ruby2.1.0/lib/ruby/gems/2.1.0/gems/web-console-2.1.2/lib/web_console/templates/_prompt_box_markup.html.erb within layouts/inlined_string (1.0ms)
  Rendered c:/RailsInstaller/Ruby2.1.0/lib/ruby/gems/2.1.0/gems/web-console-2.1.2/lib/web_console/templates/console.js.erb within layouts/javascript (66.8ms)
  Rendered c:/RailsInstaller/Ruby2.1.0/lib/ruby/gems/2.1.0/gems/web-console-2.1.2/lib/web_console/templates/main.js.erb within layouts/javascript (0.0ms)
  Rendered c:/RailsInstaller/Ruby2.1.0/lib/ruby/gems/2.1.0/gems/web-console-2.1.2/lib/web_console/templates/error_page.js.erb within layouts/javascript (1.0ms)
  Rendered c:/RailsInstaller/Ruby2.1.0/lib/ruby/gems/2.1.0/gems/web-console-2.1.2/lib/web_console/templates/index.html.erb (147.8ms)


Started PUT "/pins/show/console/repl_sessions/036ca5e2108c7abbe1d530647d98767d" for ::1 at 2015-09-28 16:17:04 +0530


Started PUT "/pins/show/console/repl_sessions/036ca5e2108c7abbe1d530647d98767d" for ::1 at 2015-09-28 16:17:06 +0530


Started PUT "/pins/show/console/repl_sessions/036ca5e2108c7abbe1d530647d98767d" for ::1 at 2015-09-28 16:17:07 +0530


Started PUT "/pins/show/console/repl_sessions/036ca5e2108c7abbe1d530647d98767d" for ::1 at 2015-09-28 16:17:18 +0530


Started PUT "/pins/show/console/repl_sessions/036ca5e2108c7abbe1d530647d98767d" for ::1 at 2015-09-28 16:17:24 +0530


Started PUT "/pins/show/console/repl_sessions/036ca5e2108c7abbe1d530647d98767d" for ::1 at 2015-09-28 16:17:34 +0530


Started PUT "/pins/show/console/repl_sessions/036ca5e2108c7abbe1d530647d98767d" for ::1 at 2015-09-28 16:17:44 +0530
  [1m[36mPin Load (1.0ms)[0m  [1mSELECT "pins".* FROM "pins"[0m
  [1m[36mSQL (31.3ms)[0m  [1mCREATE EXTENSION IF NOT EXISTS "plpgsql"[0m
  [1m[35m (171.9ms)[0m  DROP TABLE "pins" CASCADE
  [1m[36m (171.9ms)[0m  [1mCREATE TABLE "pins" ("id" serial primary key, "title" character varying, "url" character varying, "text" text, "slug" character varying, "resource_type" character varying) [0m
  [1m[35m (0.0ms)[0m  SELECT version FROM "schema_migrations"
  [1m[36mSQL (78.1ms)[0m  [1mCREATE EXTENSION IF NOT EXISTS "plpgsql"[0m
  [1m[35m (515.7ms)[0m  CREATE TABLE "pins" ("id" serial primary key, "title" character varying, "url" character varying, "text" text, "slug" character varying, "resource_type" character varying) 
  [1m[36m (93.8ms)[0m  [1mCREATE TABLE "schema_migrations" ("version" character varying NOT NULL) [0m
  [1m[35m (31.3ms)[0m  CREATE UNIQUE INDEX  "unique_schema_migrations" ON "schema_migrations"  ("version")
  [1m[36m (0.0ms)[0m  [1mSELECT version FROM "schema_migrations"[0m
  [1m[35m (15.6ms)[0m  INSERT INTO "schema_migrations" (version) VALUES ('20150320022457')
  [1m[36m (15.6ms)[0m  [1mINSERT INTO "schema_migrations" (version) VALUES ('20150318194553')[0m
  [1m[35mActiveRecord::SchemaMigration Load (0.0ms)[0m  SELECT "schema_migrations".* FROM "schema_migrations"
  [1m[36m (0.0ms)[0m  [1mBEGIN[0m
  [1m[35mPin Exists (15.6ms)[0m  SELECT  1 AS one FROM "pins" WHERE "pins"."slug" = 'rails-tutorial' LIMIT 1
  [1m[36mSQL (0.0ms)[0m  [1mINSERT INTO "pins" ("title", "url", "text", "slug", "resource_type") VALUES ($1, $2, $3, $4, $5) RETURNING "id"[0m  [["title", "Rails Tutorial"], ["url", "https://www.railstutorial.org/"], ["text", "The trusted standard in self-directed introductions to Ruby on Rails. A complete treatment of all the essentials\n    required in most production Rails applications."], ["slug", "rails-tutorial"], ["resource_type", "rails"]]
  [1m[35m (31.3ms)[0m  COMMIT
  [1m[36m (0.0ms)[0m  [1mBEGIN[0m
  [1m[35mPin Exists (0.0ms)[0m  SELECT  1 AS one FROM "pins" WHERE "pins"."slug" = 'rails-for-zombies' LIMIT 1
  [1m[36mSQL (0.0ms)[0m  [1mINSERT INTO "pins" ("title", "url", "text", "slug", "resource_type") VALUES ($1, $2, $3, $4, $5) RETURNING "id"[0m  [["title", "Rails for Zombies"], ["url", "http://railsforzombies.org"], ["text", "A fun, gamified way to hone your Rails skills! Come on...who doesn't like fighting zombies?!"], ["slug", "rails-for-zombies"], ["resource_type", "rails"]]
  [1m[35m (0.0ms)[0m  COMMIT
  [1m[36m (0.0ms)[0m  [1mBEGIN[0m
  [1m[35mPin Exists (0.0ms)[0m  SELECT  1 AS one FROM "pins" WHERE "pins"."slug" = 'try-ruby' LIMIT 1
  [1m[36mSQL (0.0ms)[0m  [1mINSERT INTO "pins" ("title", "url", "text", "slug", "resource_type") VALUES ($1, $2, $3, $4, $5) RETURNING "id"[0m  [["title", "Try Ruby"], ["url", "http://tryruby.org/"], ["text", "An interactive, in-browser tutorial for the Ruby programming language. A thorough walkthrough of \n    Ruby's nuances, geared toward beginners."], ["slug", "try-ruby"], ["resource_type", "ruby"]]
  [1m[35m (0.0ms)[0m  COMMIT
  [1m[36m (0.0ms)[0m  [1mBEGIN[0m
  [1m[35mPin Exists (0.0ms)[0m  SELECT  1 AS one FROM "pins" WHERE "pins"."slug" = 'ruby-quiz' LIMIT 1
  [1m[36mSQL (0.0ms)[0m  [1mINSERT INTO "pins" ("title", "url", "text", "slug", "resource_type") VALUES ($1, $2, $3, $4, $5) RETURNING "id"[0m  [["title", "Ruby Quiz"], ["url", "http://rubyquiz.org"], ["text", "A collection of quizzes on the Ruby programming language."], ["slug", "ruby-quiz"], ["resource_type", "ruby"]]
  [1m[35m (0.0ms)[0m  COMMIT
  [1m[36m (0.0ms)[0m  [1mBEGIN[0m
  [1m[35mPin Exists (0.0ms)[0m  SELECT  1 AS one FROM "pins" WHERE "pins"."slug" = 'ga-ror-for-developers' LIMIT 1
  [1m[36mSQL (0.0ms)[0m  [1mINSERT INTO "pins" ("title", "url", "text", "slug", "resource_type") VALUES ($1, $2, $3, $4, $5) RETURNING "id"[0m  [["title", "Ruby on Rails for Developers"], ["url", "https://github.com/generalassembly/ga-ruby-on-rails-for-devs"], ["text", "Somewhat advanced curriculum, but the exercises are also good for anyone who is motivated and \n    self-guided with experience."], ["slug", "ga-ror-for-developers"], ["resource_type", "rails"]]
  [1m[35m (0.0ms)[0m  COMMIT
  [1m[36m (0.0ms)[0m  [1mBEGIN[0m
  [1m[35mPin Exists (0.0ms)[0m  SELECT  1 AS one FROM "pins" WHERE "pins"."slug" = 'ruby-monk' LIMIT 1
  [1m[36mSQL (0.0ms)[0m  [1mINSERT INTO "pins" ("title", "url", "text", "slug", "resource_type") VALUES ($1, $2, $3, $4, $5) RETURNING "id"[0m  [["title", "Ruby Monk"], ["url", "http://rubymonk.com"], ["text", "The Ruby Primer is a free interactive book that helps you learn Ruby. Discover Ruby idioms, learn \n    lessons and solve problems, all in your browser!"], ["slug", "ruby-monk"], ["resource_type", "ruby"]]
  [1m[35m (0.0ms)[0m  COMMIT
  [1m[36mPin Load (0.0ms)[0m  [1mSELECT "pins".* FROM "pins"[0m


Started GET "/" for ::1 at 2015-09-28 16:35:16 +0530
  [1m[36mActiveRecord::SchemaMigration Load (2.0ms)[0m  [1mSELECT "schema_migrations".* FROM "schema_migrations"[0m
Processing by PinsController#index as HTML
  [1m[35mPin Load (2.0ms)[0m  SELECT "pins".* FROM "pins"
  Rendered pins/index.erb within layouts/application (23.0ms)
Completed 200 OK in 234ms (Views: 195.2ms | ActiveRecord: 9.0ms)


Started GET "/pins/1" for ::1 at 2015-09-28 16:35:47 +0530
Processing by PinsController#show as HTML
  Parameters: {"id"=>"1"}
  [1m[36mPin Load (0.0ms)[0m  [1mSELECT  "pins".* FROM "pins" WHERE "pins"."id" = $1 LIMIT 1[0m  [["id", 1]]
  Rendered pins/show.erb within layouts/application (31.3ms)
Completed 500 Internal Server Error in 59ms

ActionView::Template::Error (undefined local variable or method `pin' for #<#<Class:0x4054950>:0x5661558>):
    10:   <hr/>
    11:   <p>
    12:     <b>Visit <%= "#{@pin.title}" %> at: </b>
    13:     <a class="url" href="<%= "#{pin.url}" %>" target="_blank">
    14:       <%= "#{pin.url}" %>
    15:     </a>
    16:   </p>
  app/views/pins/show.erb:13:in `_app_views_pins_show_erb___612168025_45285684'


  Rendered c:/RailsInstaller/Ruby2.1.0/lib/ruby/gems/2.1.0/gems/actionpack-4.2.0/lib/action_dispatch/middleware/templates/rescues/_source.erb (0.0ms)
  Rendered c:/RailsInstaller/Ruby2.1.0/lib/ruby/gems/2.1.0/gems/actionpack-4.2.0/lib/action_dispatch/middleware/templates/rescues/_trace.html.erb (15.6ms)
  Rendered c:/RailsInstaller/Ruby2.1.0/lib/ruby/gems/2.1.0/gems/actionpack-4.2.0/lib/action_dispatch/middleware/templates/rescues/_request_and_response.html.erb (0.0ms)
  Rendered c:/RailsInstaller/Ruby2.1.0/lib/ruby/gems/2.1.0/gems/actionpack-4.2.0/lib/action_dispatch/middleware/templates/rescues/template_error.html.erb within rescues/layout (78.1ms)
  Rendered c:/RailsInstaller/Ruby2.1.0/lib/ruby/gems/2.1.0/gems/web-console-2.1.2/lib/web_console/templates/_markup.html.erb (0.0ms)
  Rendered c:/RailsInstaller/Ruby2.1.0/lib/ruby/gems/2.1.0/gems/web-console-2.1.2/lib/web_console/templates/style.css.erb within layouts/inlined_string (0.0ms)
  Rendered c:/RailsInstaller/Ruby2.1.0/lib/ruby/gems/2.1.0/gems/web-console-2.1.2/lib/web_console/templates/_inner_console_markup.html.erb within layouts/inlined_string (0.0ms)
  Rendered c:/RailsInstaller/Ruby2.1.0/lib/ruby/gems/2.1.0/gems/web-console-2.1.2/lib/web_console/templates/_prompt_box_markup.html.erb within layouts/inlined_string (0.0ms)
  Rendered c:/RailsInstaller/Ruby2.1.0/lib/ruby/gems/2.1.0/gems/web-console-2.1.2/lib/web_console/templates/console.js.erb within layouts/javascript (62.5ms)
  Rendered c:/RailsInstaller/Ruby2.1.0/lib/ruby/gems/2.1.0/gems/web-console-2.1.2/lib/web_console/templates/main.js.erb within layouts/javascript (0.0ms)
  Rendered c:/RailsInstaller/Ruby2.1.0/lib/ruby/gems/2.1.0/gems/web-console-2.1.2/lib/web_console/templates/error_page.js.erb within layouts/javascript (0.0ms)
  Rendered c:/RailsInstaller/Ruby2.1.0/lib/ruby/gems/2.1.0/gems/web-console-2.1.2/lib/web_console/templates/index.html.erb (156.2ms)


Started GET "/pins/1" for ::1 at 2015-09-28 16:35:48 +0530
Processing by PinsController#show as HTML
  Parameters: {"id"=>"1"}
  [1m[35mPin Load (1.0ms)[0m  SELECT  "pins".* FROM "pins" WHERE "pins"."id" = $1 LIMIT 1  [["id", 1]]
  Rendered pins/show.erb within layouts/application (15.0ms)
Completed 500 Internal Server Error in 26ms

ActionView::Template::Error (undefined local variable or method `pin' for #<#<Class:0x4054950>:0x563b500>):
    10:   <hr/>
    11:   <p>
    12:     <b>Visit <%= "#{@pin.title}" %> at: </b>
    13:     <a class="url" href="<%= "#{pin.url}" %>" target="_blank">
    14:       <%= "#{pin.url}" %>
    15:     </a>
    16:   </p>
  app/views/pins/show.erb:13:in `_app_views_pins_show_erb___612168025_45208152'


  Rendered c:/RailsInstaller/Ruby2.1.0/lib/ruby/gems/2.1.0/gems/actionpack-4.2.0/lib/action_dispatch/middleware/templates/rescues/_source.erb (1.0ms)
  Rendered c:/RailsInstaller/Ruby2.1.0/lib/ruby/gems/2.1.0/gems/actionpack-4.2.0/lib/action_dispatch/middleware/templates/rescues/_trace.html.erb (6.0ms)
  Rendered c:/RailsInstaller/Ruby2.1.0/lib/ruby/gems/2.1.0/gems/actionpack-4.2.0/lib/action_dispatch/middleware/templates/rescues/_request_and_response.html.erb (1.0ms)
  Rendered c:/RailsInstaller/Ruby2.1.0/lib/ruby/gems/2.1.0/gems/actionpack-4.2.0/lib/action_dispatch/middleware/templates/rescues/template_error.html.erb within rescues/layout (68.0ms)
  Rendered c:/RailsInstaller/Ruby2.1.0/lib/ruby/gems/2.1.0/gems/web-console-2.1.2/lib/web_console/templates/_markup.html.erb (1.0ms)
  Rendered c:/RailsInstaller/Ruby2.1.0/lib/ruby/gems/2.1.0/gems/web-console-2.1.2/lib/web_console/templates/style.css.erb within layouts/inlined_string (0.0ms)
  Rendered c:/RailsInstaller/Ruby2.1.0/lib/ruby/gems/2.1.0/gems/web-console-2.1.2/lib/web_console/templates/_inner_console_markup.html.erb within layouts/inlined_string (1.0ms)
  Rendered c:/RailsInstaller/Ruby2.1.0/lib/ruby/gems/2.1.0/gems/web-console-2.1.2/lib/web_console/templates/_prompt_box_markup.html.erb within layouts/inlined_string (1.0ms)
  Rendered c:/RailsInstaller/Ruby2.1.0/lib/ruby/gems/2.1.0/gems/web-console-2.1.2/lib/web_console/templates/console.js.erb within layouts/javascript (68.0ms)
  Rendered c:/RailsInstaller/Ruby2.1.0/lib/ruby/gems/2.1.0/gems/web-console-2.1.2/lib/web_console/templates/main.js.erb within layouts/javascript (0.0ms)
  Rendered c:/RailsInstaller/Ruby2.1.0/lib/ruby/gems/2.1.0/gems/web-console-2.1.2/lib/web_console/templates/error_page.js.erb within layouts/javascript (1.0ms)
  Rendered c:/RailsInstaller/Ruby2.1.0/lib/ruby/gems/2.1.0/gems/web-console-2.1.2/lib/web_console/templates/index.html.erb (152.1ms)


Started GET "/pins/2" for ::1 at 2015-09-28 16:35:56 +0530
Processing by PinsController#show as HTML
  Parameters: {"id"=>"2"}
  [1m[36mPin Load (1.0ms)[0m  [1mSELECT  "pins".* FROM "pins" WHERE "pins"."id" = $1 LIMIT 1[0m  [["id", 2]]
  Rendered pins/show.erb within layouts/application (15.6ms)
Completed 500 Internal Server Error in 23ms

ActionView::Template::Error (undefined local variable or method `pin' for #<#<Class:0x4054950>:0x560e140>):
    10:   <hr/>
    11:   <p>
    12:     <b>Visit <%= "#{@pin.title}" %> at: </b>
    13:     <a class="url" href="<%= "#{pin.url}" %>" target="_blank">
    14:       <%= "#{pin.url}" %>
    15:     </a>
    16:   </p>
  app/views/pins/show.erb:13:in `_app_views_pins_show_erb___612168025_45285684'


  Rendered c:/RailsInstaller/Ruby2.1.0/lib/ruby/gems/2.1.0/gems/actionpack-4.2.0/lib/action_dispatch/middleware/templates/rescues/_source.erb (0.0ms)
  Rendered c:/RailsInstaller/Ruby2.1.0/lib/ruby/gems/2.1.0/gems/actionpack-4.2.0/lib/action_dispatch/middleware/templates/rescues/_trace.html.erb (0.0ms)
  Rendered c:/RailsInstaller/Ruby2.1.0/lib/ruby/gems/2.1.0/gems/actionpack-4.2.0/lib/action_dispatch/middleware/templates/rescues/_request_and_response.html.erb (0.0ms)
  Rendered c:/RailsInstaller/Ruby2.1.0/lib/ruby/gems/2.1.0/gems/actionpack-4.2.0/lib/action_dispatch/middleware/templates/rescues/template_error.html.erb within rescues/layout (62.5ms)
  Rendered c:/RailsInstaller/Ruby2.1.0/lib/ruby/gems/2.1.0/gems/web-console-2.1.2/lib/web_console/templates/_markup.html.erb (0.0ms)
  Rendered c:/RailsInstaller/Ruby2.1.0/lib/ruby/gems/2.1.0/gems/web-console-2.1.2/lib/web_console/templates/style.css.erb within layouts/inlined_string (0.0ms)
  Rendered c:/RailsInstaller/Ruby2.1.0/lib/ruby/gems/2.1.0/gems/web-console-2.1.2/lib/web_console/templates/_inner_console_markup.html.erb within layouts/inlined_string (0.0ms)
  Rendered c:/RailsInstaller/Ruby2.1.0/lib/ruby/gems/2.1.0/gems/web-console-2.1.2/lib/web_console/templates/_prompt_box_markup.html.erb within layouts/inlined_string (0.0ms)
  Rendered c:/RailsInstaller/Ruby2.1.0/lib/ruby/gems/2.1.0/gems/web-console-2.1.2/lib/web_console/templates/console.js.erb within layouts/javascript (62.5ms)
  Rendered c:/RailsInstaller/Ruby2.1.0/lib/ruby/gems/2.1.0/gems/web-console-2.1.2/lib/web_console/templates/main.js.erb within layouts/javascript (0.0ms)
  Rendered c:/RailsInstaller/Ruby2.1.0/lib/ruby/gems/2.1.0/gems/web-console-2.1.2/lib/web_console/templates/error_page.js.erb within layouts/javascript (0.0ms)
  Rendered c:/RailsInstaller/Ruby2.1.0/lib/ruby/gems/2.1.0/gems/web-console-2.1.2/lib/web_console/templates/index.html.erb (140.6ms)


Started GET "/pins/2" for ::1 at 2015-09-28 16:35:57 +0530
Processing by PinsController#show as HTML
  Parameters: {"id"=>"2"}
  [1m[35mPin Load (0.0ms)[0m  SELECT  "pins".* FROM "pins" WHERE "pins"."id" = $1 LIMIT 1  [["id", 2]]
  Rendered pins/show.erb within layouts/application (15.0ms)
Completed 500 Internal Server Error in 25ms

ActionView::Template::Error (undefined local variable or method `pin' for #<#<Class:0x4054950>:0x55dfa48>):
    10:   <hr/>
    11:   <p>
    12:     <b>Visit <%= "#{@pin.title}" %> at: </b>
    13:     <a class="url" href="<%= "#{pin.url}" %>" target="_blank">
    14:       <%= "#{pin.url}" %>
    15:     </a>
    16:   </p>
  app/views/pins/show.erb:13:in `_app_views_pins_show_erb___612168025_45208152'


  Rendered c:/RailsInstaller/Ruby2.1.0/lib/ruby/gems/2.1.0/gems/actionpack-4.2.0/lib/action_dispatch/middleware/templates/rescues/_source.erb (1.0ms)
  Rendered c:/RailsInstaller/Ruby2.1.0/lib/ruby/gems/2.1.0/gems/actionpack-4.2.0/lib/action_dispatch/middleware/templates/rescues/_trace.html.erb (5.0ms)
  Rendered c:/RailsInstaller/Ruby2.1.0/lib/ruby/gems/2.1.0/gems/actionpack-4.2.0/lib/action_dispatch/middleware/templates/rescues/_request_and_response.html.erb (1.0ms)
  Rendered c:/RailsInstaller/Ruby2.1.0/lib/ruby/gems/2.1.0/gems/actionpack-4.2.0/lib/action_dispatch/middleware/templates/rescues/template_error.html.erb within rescues/layout (68.0ms)
  Rendered c:/RailsInstaller/Ruby2.1.0/lib/ruby/gems/2.1.0/gems/web-console-2.1.2/lib/web_console/templates/_markup.html.erb (0.0ms)
  Rendered c:/RailsInstaller/Ruby2.1.0/lib/ruby/gems/2.1.0/gems/web-console-2.1.2/lib/web_console/templates/style.css.erb within layouts/inlined_string (0.0ms)
  Rendered c:/RailsInstaller/Ruby2.1.0/lib/ruby/gems/2.1.0/gems/web-console-2.1.2/lib/web_console/templates/_inner_console_markup.html.erb within layouts/inlined_string (1.0ms)
  Rendered c:/RailsInstaller/Ruby2.1.0/lib/ruby/gems/2.1.0/gems/web-console-2.1.2/lib/web_console/templates/_prompt_box_markup.html.erb within layouts/inlined_string (0.0ms)
  Rendered c:/RailsInstaller/Ruby2.1.0/lib/ruby/gems/2.1.0/gems/web-console-2.1.2/lib/web_console/templates/console.js.erb within layouts/javascript (68.0ms)
  Rendered c:/RailsInstaller/Ruby2.1.0/lib/ruby/gems/2.1.0/gems/web-console-2.1.2/lib/web_console/templates/main.js.erb within layouts/javascript (0.0ms)
  Rendered c:/RailsInstaller/Ruby2.1.0/lib/ruby/gems/2.1.0/gems/web-console-2.1.2/lib/web_console/templates/error_page.js.erb within layouts/javascript (1.0ms)
  Rendered c:/RailsInstaller/Ruby2.1.0/lib/ruby/gems/2.1.0/gems/web-console-2.1.2/lib/web_console/templates/index.html.erb (150.1ms)
  [1m[35mPin Load (0.0ms)[0m  SELECT  "pins".* FROM "pins" WHERE "pins"."id" = $1 LIMIT 1  [["id", 1]]
  [1m[36mPin Load (0.0ms)[0m  [1mSELECT  "pins".* FROM "pins" WHERE "pins"."id" = $1 LIMIT 1[0m  [["id", 1]]


Started GET "/pins/2" for ::1 at 2015-09-28 16:39:35 +0530
  [1m[36mActiveRecord::SchemaMigration Load (1.0ms)[0m  [1mSELECT "schema_migrations".* FROM "schema_migrations"[0m
Processing by PinsController#show as HTML
  Parameters: {"id"=>"2"}
  [1m[35mPin Load (1.0ms)[0m  SELECT  "pins".* FROM "pins" WHERE "pins"."id" = $1 LIMIT 1  [["id", 2]]
  Rendered pins/show.erb within layouts/application (30.0ms)
Completed 500 Internal Server Error in 151ms

ActionView::Template::Error (undefined local variable or method `pin' for #<#<Class:0x3e05ae8>:0x3dfd118>):
    10:   <hr/>
    11:   <p>
    12:     <b>Visit <%= "#{@pin.title}" %> at: </b>
    13:     <a class="url" href="<%= "#{pin.url}" %>" target="_blank">
    14:       <%= "#{pin.url}" %>
    15:     </a>
    16:   </p>
  app/views/pins/show.erb:13:in `_app_views_pins_show_erb__7751199_31816728'


  Rendered c:/RailsInstaller/Ruby2.1.0/lib/ruby/gems/2.1.0/gems/actionpack-4.2.0/lib/action_dispatch/middleware/templates/rescues/_source.erb (1.0ms)
  Rendered c:/RailsInstaller/Ruby2.1.0/lib/ruby/gems/2.1.0/gems/actionpack-4.2.0/lib/action_dispatch/middleware/templates/rescues/_trace.html.erb (7.0ms)
  Rendered c:/RailsInstaller/Ruby2.1.0/lib/ruby/gems/2.1.0/gems/actionpack-4.2.0/lib/action_dispatch/middleware/templates/rescues/_request_and_response.html.erb (2.0ms)
  Rendered c:/RailsInstaller/Ruby2.1.0/lib/ruby/gems/2.1.0/gems/actionpack-4.2.0/lib/action_dispatch/middleware/templates/rescues/template_error.html.erb within rescues/layout (78.1ms)
  Rendered c:/RailsInstaller/Ruby2.1.0/lib/ruby/gems/2.1.0/gems/web-console-2.1.2/lib/web_console/templates/_markup.html.erb (1.0ms)
  Rendered c:/RailsInstaller/Ruby2.1.0/lib/ruby/gems/2.1.0/gems/web-console-2.1.2/lib/web_console/templates/style.css.erb within layouts/inlined_string (1.0ms)
  Rendered c:/RailsInstaller/Ruby2.1.0/lib/ruby/gems/2.1.0/gems/web-console-2.1.2/lib/web_console/templates/_inner_console_markup.html.erb within layouts/inlined_string (1.0ms)
  Rendered c:/RailsInstaller/Ruby2.1.0/lib/ruby/gems/2.1.0/gems/web-console-2.1.2/lib/web_console/templates/_prompt_box_markup.html.erb within layouts/inlined_string (0.0ms)
  Rendered c:/RailsInstaller/Ruby2.1.0/lib/ruby/gems/2.1.0/gems/web-console-2.1.2/lib/web_console/templates/console.js.erb within layouts/javascript (74.0ms)
  Rendered c:/RailsInstaller/Ruby2.1.0/lib/ruby/gems/2.1.0/gems/web-console-2.1.2/lib/web_console/templates/main.js.erb within layouts/javascript (0.0ms)
  Rendered c:/RailsInstaller/Ruby2.1.0/lib/ruby/gems/2.1.0/gems/web-console-2.1.2/lib/web_console/templates/error_page.js.erb within layouts/javascript (0.0ms)
  Rendered c:/RailsInstaller/Ruby2.1.0/lib/ruby/gems/2.1.0/gems/web-console-2.1.2/lib/web_console/templates/index.html.erb (173.1ms)


Started PUT "/pins/console/repl_sessions/947e03b26560ce9c9e0bdc94bc5f7dda" for ::1 at 2015-09-28 16:39:47 +0530
  [1m[36mPin Load (0.0ms)[0m  [1mSELECT "pins".* FROM "pins"[0m


Started GET "/pin/2" for ::1 at 2015-09-28 16:39:53 +0530

ActionController::RoutingError (No route matches [GET] "/pin/2"):
  actionpack (4.2.0) lib/action_dispatch/middleware/debug_exceptions.rb:21:in `call'
  web-console (2.1.2) lib/web_console/middleware.rb:37:in `call'
  actionpack (4.2.0) lib/action_dispatch/middleware/show_exceptions.rb:30:in `call'
  railties (4.2.0) lib/rails/rack/logger.rb:38:in `call_app'
  railties (4.2.0) lib/rails/rack/logger.rb:20:in `block in call'
  activesupport (4.2.0) lib/active_support/tagged_logging.rb:68:in `block in tagged'
  activesupport (4.2.0) lib/active_support/tagged_logging.rb:26:in `tagged'
  activesupport (4.2.0) lib/active_support/tagged_logging.rb:68:in `tagged'
  railties (4.2.0) lib/rails/rack/logger.rb:20:in `call'
  actionpack (4.2.0) lib/action_dispatch/middleware/request_id.rb:21:in `call'
  rack (1.6.0) lib/rack/methodoverride.rb:22:in `call'
  rack (1.6.0) lib/rack/runtime.rb:18:in `call'
  activesupport (4.2.0) lib/active_support/cache/strategy/local_cache_middleware.rb:28:in `call'
  rack (1.6.0) lib/rack/lock.rb:17:in `call'
  actionpack (4.2.0) lib/action_dispatch/middleware/static.rb:113:in `call'
  rack (1.6.0) lib/rack/sendfile.rb:113:in `call'
  railties (4.2.0) lib/rails/engine.rb:518:in `call'
  railties (4.2.0) lib/rails/application.rb:164:in `call'
  rack (1.6.0) lib/rack/content_length.rb:15:in `call'
  puma (2.14.0) lib/puma/server.rb:541:in `handle_request'
  puma (2.14.0) lib/puma/server.rb:388:in `process_client'
  puma (2.14.0) lib/puma/server.rb:270:in `block in run'
  puma (2.14.0) lib/puma/thread_pool.rb:106:in `call'
  puma (2.14.0) lib/puma/thread_pool.rb:106:in `block in spawn_thread'


  Rendered c:/RailsInstaller/Ruby2.1.0/lib/ruby/gems/2.1.0/gems/actionpack-4.2.0/lib/action_dispatch/middleware/templates/rescues/_trace.html.erb (2.0ms)
  Rendered c:/RailsInstaller/Ruby2.1.0/lib/ruby/gems/2.1.0/gems/actionpack-4.2.0/lib/action_dispatch/middleware/templates/routes/_route.html.erb (2.0ms)
  Rendered c:/RailsInstaller/Ruby2.1.0/lib/ruby/gems/2.1.0/gems/actionpack-4.2.0/lib/action_dispatch/middleware/templates/routes/_table.html.erb (30.0ms)
  Rendered c:/RailsInstaller/Ruby2.1.0/lib/ruby/gems/2.1.0/gems/actionpack-4.2.0/lib/action_dispatch/middleware/templates/rescues/_request_and_response.html.erb (2.0ms)
  Rendered c:/RailsInstaller/Ruby2.1.0/lib/ruby/gems/2.1.0/gems/actionpack-4.2.0/lib/action_dispatch/middleware/templates/rescues/routing_error.html.erb within rescues/layout (115.1ms)
  Rendered c:/RailsInstaller/Ruby2.1.0/lib/ruby/gems/2.1.0/gems/web-console-2.1.2/lib/web_console/templates/_markup.html.erb (0.0ms)
  Rendered c:/RailsInstaller/Ruby2.1.0/lib/ruby/gems/2.1.0/gems/web-console-2.1.2/lib/web_console/templates/style.css.erb within layouts/inlined_string (0.0ms)
  Rendered c:/RailsInstaller/Ruby2.1.0/lib/ruby/gems/2.1.0/gems/web-console-2.1.2/lib/web_console/templates/_inner_console_markup.html.erb within layouts/inlined_string (1.0ms)
  Rendered c:/RailsInstaller/Ruby2.1.0/lib/ruby/gems/2.1.0/gems/web-console-2.1.2/lib/web_console/templates/_prompt_box_markup.html.erb within layouts/inlined_string (0.0ms)
  Rendered c:/RailsInstaller/Ruby2.1.0/lib/ruby/gems/2.1.0/gems/web-console-2.1.2/lib/web_console/templates/console.js.erb within layouts/javascript (65.0ms)
  Rendered c:/RailsInstaller/Ruby2.1.0/lib/ruby/gems/2.1.0/gems/web-console-2.1.2/lib/web_console/templates/main.js.erb within layouts/javascript (0.0ms)
  Rendered c:/RailsInstaller/Ruby2.1.0/lib/ruby/gems/2.1.0/gems/web-console-2.1.2/lib/web_console/templates/error_page.js.erb within layouts/javascript (1.0ms)
  Rendered c:/RailsInstaller/Ruby2.1.0/lib/ruby/gems/2.1.0/gems/web-console-2.1.2/lib/web_console/templates/index.html.erb (141.1ms)


Started GET "/pins/2" for ::1 at 2015-09-28 16:39:58 +0530
Processing by PinsController#show as HTML
  Parameters: {"id"=>"2"}
  [1m[35mPin Load (1.0ms)[0m  SELECT  "pins".* FROM "pins" WHERE "pins"."id" = $1 LIMIT 1  [["id", 2]]
  Rendered pins/show.erb within layouts/application (16.0ms)
Completed 500 Internal Server Error in 26ms

ActionView::Template::Error (undefined local variable or method `pin' for #<#<Class:0x3e05ae8>:0x58f65f0>):
    10:   <hr/>
    11:   <p>
    12:     <b>Visit <%= "#{@pin.title}" %> at: </b>
    13:     <a class="url" href="<%= "#{pin.url}" %>" target="_blank">
    14:       <%= "#{pin.url}" %>
    15:     </a>
    16:   </p>
  app/views/pins/show.erb:13:in `_app_views_pins_show_erb__7751199_31816728'


  Rendered c:/RailsInstaller/Ruby2.1.0/lib/ruby/gems/2.1.0/gems/actionpack-4.2.0/lib/action_dispatch/middleware/templates/rescues/_source.erb (1.0ms)
  Rendered c:/RailsInstaller/Ruby2.1.0/lib/ruby/gems/2.1.0/gems/actionpack-4.2.0/lib/action_dispatch/middleware/templates/rescues/_trace.html.erb (5.0ms)
  Rendered c:/RailsInstaller/Ruby2.1.0/lib/ruby/gems/2.1.0/gems/actionpack-4.2.0/lib/action_dispatch/middleware/templates/rescues/_request_and_response.html.erb (2.0ms)
  Rendered c:/RailsInstaller/Ruby2.1.0/lib/ruby/gems/2.1.0/gems/actionpack-4.2.0/lib/action_dispatch/middleware/templates/rescues/template_error.html.erb within rescues/layout (67.0ms)
  Rendered c:/RailsInstaller/Ruby2.1.0/lib/ruby/gems/2.1.0/gems/web-console-2.1.2/lib/web_console/templates/_markup.html.erb (1.0ms)
  Rendered c:/RailsInstaller/Ruby2.1.0/lib/ruby/gems/2.1.0/gems/web-console-2.1.2/lib/web_console/templates/style.css.erb within layouts/inlined_string (0.0ms)
  Rendered c:/RailsInstaller/Ruby2.1.0/lib/ruby/gems/2.1.0/gems/web-console-2.1.2/lib/web_console/templates/_inner_console_markup.html.erb within layouts/inlined_string (1.0ms)
  Rendered c:/RailsInstaller/Ruby2.1.0/lib/ruby/gems/2.1.0/gems/web-console-2.1.2/lib/web_console/templates/_prompt_box_markup.html.erb within layouts/inlined_string (0.0ms)
  Rendered c:/RailsInstaller/Ruby2.1.0/lib/ruby/gems/2.1.0/gems/web-console-2.1.2/lib/web_console/templates/console.js.erb within layouts/javascript (66.0ms)
  Rendered c:/RailsInstaller/Ruby2.1.0/lib/ruby/gems/2.1.0/gems/web-console-2.1.2/lib/web_console/templates/main.js.erb within layouts/javascript (1.0ms)
  Rendered c:/RailsInstaller/Ruby2.1.0/lib/ruby/gems/2.1.0/gems/web-console-2.1.2/lib/web_console/templates/error_page.js.erb within layouts/javascript (1.0ms)
  Rendered c:/RailsInstaller/Ruby2.1.0/lib/ruby/gems/2.1.0/gems/web-console-2.1.2/lib/web_console/templates/index.html.erb (155.1ms)


Started GET "/pins/2" for ::1 at 2015-09-28 16:40:34 +0530
Processing by PinsController#show as HTML
  Parameters: {"id"=>"2"}
  [1m[36mPin Load (0.0ms)[0m  [1mSELECT  "pins".* FROM "pins" WHERE "pins"."id" = $1 LIMIT 1[0m  [["id", 2]]
  Rendered pins/show.erb within layouts/application (1.0ms)
Completed 200 OK in 150ms (Views: 148.1ms | ActiveRecord: 0.0ms)


Started GET "/" for ::1 at 2015-09-28 16:40:49 +0530
Processing by PinsController#index as HTML
  [1m[35mPin Load (0.0ms)[0m  SELECT "pins".* FROM "pins"
  Rendered pins/index.erb within layouts/application (5.0ms)
Completed 200 OK in 70ms (Views: 69.3ms | ActiveRecord: 0.0ms)


Started GET "/pins/1" for ::1 at 2015-09-28 16:40:52 +0530
Processing by PinsController#show as HTML
  Parameters: {"id"=>"1"}
  [1m[36mPin Load (0.0ms)[0m  [1mSELECT  "pins".* FROM "pins" WHERE "pins"."id" = $1 LIMIT 1[0m  [["id", 1]]
  Rendered pins/show.erb within layouts/application (0.0ms)
Completed 200 OK in 69ms (Views: 66.0ms | ActiveRecord: 0.0ms)


Started GET "/" for ::1 at 2015-09-28 16:40:56 +0530
Processing by PinsController#index as HTML
  [1m[35mPin Load (0.0ms)[0m  SELECT "pins".* FROM "pins"
  Rendered pins/index.erb within layouts/application (3.0ms)
Completed 200 OK in 69ms (Views: 67.9ms | ActiveRecord: 0.0ms)


Started GET "/pins/3" for ::1 at 2015-09-28 16:40:57 +0530
Processing by PinsController#show as HTML
  Parameters: {"id"=>"3"}
  [1m[36mPin Load (0.0ms)[0m  [1mSELECT  "pins".* FROM "pins" WHERE "pins"."id" = $1 LIMIT 1[0m  [["id", 3]]
  Rendered pins/show.erb within layouts/application (0.0ms)
Completed 200 OK in 66ms (Views: 63.8ms | ActiveRecord: 0.0ms)


Started GET "/" for ::1 at 2015-09-28 16:41:00 +0530
Processing by PinsController#index as HTML
  [1m[35mPin Load (1.0ms)[0m  SELECT "pins".* FROM "pins"
  Rendered pins/index.erb within layouts/application (2.0ms)
Completed 200 OK in 68ms (Views: 66.4ms | ActiveRecord: 1.0ms)


Started GET "/pins/4" for ::1 at 2015-09-28 16:41:01 +0530
Processing by PinsController#show as HTML
  Parameters: {"id"=>"4"}
  [1m[36mPin Load (1.0ms)[0m  [1mSELECT  "pins".* FROM "pins" WHERE "pins"."id" = $1 LIMIT 1[0m  [["id", 4]]
  Rendered pins/show.erb within layouts/application (0.0ms)
Completed 200 OK in 83ms (Views: 81.1ms | ActiveRecord: 1.0ms)


Started GET "/" for ::1 at 2015-09-28 16:41:04 +0530
Processing by PinsController#index as HTML
  [1m[35mPin Load (1.0ms)[0m  SELECT "pins".* FROM "pins"
  Rendered pins/index.erb within layouts/application (3.0ms)
Completed 200 OK in 69ms (Views: 68.4ms | ActiveRecord: 1.0ms)
